--- Baaritaanka Gaarka ah ee 60k-da (Partial Payment) ---

prisma:info Starting a postgresql pool with 33 connections.
prisma:query SELECT "public"."expenses"."_id", "public"."expenses"."description", "public"."expenses"."amount", "public"."expenses"."subCategory", "public"."expenses"."paidFrom", "public"."expenses"."expenseDate", "public"."expenses"."note", "public"."expenses"."approved", "public"."expenses"."createdAt", "public"."expenses"."updatedAt", "public"."expenses"."companyId", "public"."expenses"."projectId", "public"."expenses"."userId", "public"."expenses"."categoryId", "public"."expenses"."vendorId", "public"."expenses"."category", "public"."expenses"."employeeId", "public"."expenses"."materials", "public"."expenses"."customerId", "public"."expenses"."transportType", "public"."expenses"."consultancyFee", "public"."expenses"."consultancyType", "public"."expenses"."consultantName", "public"."expenses"."bankAccountId", "public"."expenses"."equipmentName", "public"."expenses"."rentalFee", "public"."expenses"."rentalPeriod", "public"."expenses"."supplierName", "public"."expenses"."accountId", "public"."expenses"."fiscalYearId", "public"."expenses"."receiptUrl", "public"."expenses"."paymentStatus", "public"."expenses"."invoiceNumber", "public"."expenses"."paymentDate", "public"."expenses"."materialDate", "public"."expenses"."purchaseOrderId" FROM "public"."expenses" WHERE "public"."expenses"."paymentStatus" = $1 ORDER BY "public"."expenses"."createdAt" DESC LIMIT $2 OFFSET $3
prisma:query SELECT "public"."transactions"."_id", "public"."transactions"."description", "public"."transactions"."amount", "public"."transactions"."type"::text, "public"."transactions"."transactionDate", "public"."transactions"."note", "public"."transactions"."createdAt", "public"."transactions"."updatedAt", "public"."transactions"."accountId", "public"."transactions"."fromAccountId", "public"."transactions"."toAccountId", "public"."transactions"."projectId", "public"."transactions"."expenseId", "public"."transactions"."customerId", "public"."transactions"."vendorId", "public"."transactions"."userId", "public"."transactions"."employeeId", "public"."transactions"."category", "public"."transactions"."companyId", "public"."transactions"."fiscalYearId", "public"."transactions"."shareholderId", "public"."transactions"."fixedAssetId" FROM "public"."transactions" WHERE "public"."transactions"."expenseId" IN ($1,$2) OFFSET $3
prisma:query SELECT "public"."shop_vendors"."_id", "public"."shop_vendors"."name", "public"."shop_vendors"."type", "public"."shop_vendors"."phone", "public"."shop_vendors"."email", "public"."shop_vendors"."address", "public"."shop_vendors"."productsServices", "public"."shop_vendors"."notes", "public"."shop_vendors"."createdAt", "public"."shop_vendors"."updatedAt", "public"."shop_vendors"."companyId", "public"."shop_vendors"."contactPerson", "public"."shop_vendors"."phoneNumber", "public"."shop_vendors"."userId" FROM "public"."shop_vendors" WHERE "public"."shop_vendors"."_id" IN ($1) OFFSET $2
prisma:query SELECT "public"."projects"."_id", "public"."projects"."name", "public"."projects"."description", "public"."projects"."agreementAmount", "public"."projects"."advancePaid", "public"."projects"."remainingAmount", "public"."projects"."projectType", "public"."projects"."status", "public"."projects"."expectedCompletionDate", "public"."projects"."actualCompletionDate", "public"."projects"."notes", "public"."projects"."createdAt", "public"."projects"."updatedAt", "public"."projects"."companyId", "public"."projects"."customerId", "public"."projects"."budget", "public"."projects"."endDate", "public"."projects"."fiscalYearId", "public"."projects"."startDate" FROM "public"."projects" WHERE "public"."projects"."_id" IN ($1) OFFSET $2
Waxa la helay 2 kharash oo dhowaan PARTIAL la dhiibay.

======================================================
=> KHARASH ID (Expense ID): 30f752ff-dc56-49d9-a744-e6193b2714c5
=> Sharaxaad (Description): Material expense - 2026-03-01
=> Wadarta Kharashka (Total Amount): $73180
=> Goobta (Project ID): f18821c4-7916-42fb-9780-50a1de53db2c
   Iibiyaha (Vendor): XUJAAN: LAMA DOORAN (Tani waxay sababeysaa in Transaction-ka uu 60k Inflow ka dhigo)
   Taariikh: 2026-03-01T14:43:07.270Z

=> DIIWAANADA XISAABTA (Transactions) EE KU XIRAN KHARASHKAN:
   -----------------
   [TRANSACTION 1]
   - Diiwaanka ID: a9da5ec2-1ff2-4ddb-ae58-4728335d9041
   - Sharaxaad: Material expense - 2026-03-01
   - Nooca Diiwaanka (Type): --> [ DEBT_REPAID ] <--
   - Lacagta kujirta Diiwaanka (Amount): $-60000
     Sharax: Tani waa diiwaanka muujinaya 60k-da aad bixisay.
     MUHIIM: Lacagtu ma Negative baa mise waa Positive? Waa NEGATIVE (-) (Sida saxda ah e lacag idinka baxaysa)
   - Taariikhda la diray: 2026-02-28T00:00:00.000Z
   - Akoonka ay ku dhacday (Account ID): 3c156507-ea0a-4974-8a54-92f1e9dd519a
======================================================


======================================================
=> KHARASH ID (Expense ID): 45a630e5-23ea-4a12-86e3-0735c68c9cee
=> Sharaxaad (Description): xafiiska cusub
=> Wadarta Kharashka (Total Amount): $54700
=> Goobta (Project ID): Lama diiwaangelinmashruuc
   Iibiyaha (Vendor): Barako compeny
   Taariikh: 2026-02-13T14:48:04.921Z

=> DIIWAANADA XISAABTA (Transactions) EE KU XIRAN KHARASHKAN:
   -----------------
   [TRANSACTION 1]
   - Diiwaanka ID: df982d22-8c78-4b2b-b14d-d7044b1fd40d
   - Sharaxaad: xafiiska cusub (Total Debt)
   - Nooca Diiwaanka (Type): --> [ DEBT_TAKEN ] <--
   - Lacagta kujirta Diiwaanka (Amount): $-54700
     Sharax: Tani waa diiwaanka muujinaya inaad 73k deyn ahaan u qaadatay (Total Debt). Akoon lama xirin.
   - Taariikhda la diray: 2026-02-07T00:00:00.000Z
   - Akoonka ay ku dhacday (Account ID): WAA VIRTUAL RECORD (Akoon malahan)
   -----------------
   [TRANSACTION 2]
   - Diiwaanka ID: 4051e601-dff7-4a47-872f-b4509c2e662f
   - Sharaxaad: xafiiska cusub
   - Nooca Diiwaanka (Type): --> [ DEBT_REPAID ] <--
   - Lacagta kujirta Diiwaanka (Amount): $-29000
     Sharax: Tani waa diiwaanka muujinaya 60k-da aad bixisay.
     MUHIIM: Lacagtu ma Negative baa mise waa Positive? Waa NEGATIVE (-) (Sida saxda ah e lacag idinka baxaysa)
   - Taariikhda la diray: 2026-02-07T00:00:00.000Z
   - Akoonka ay ku dhacday (Account ID): 3c156507-ea0a-4974-8a54-92f1e9dd519a
======================================================

