
> revlo-app@0.1.0 build
> next build

  Γû▓ Next.js 14.2.5
  - Environments: .env

   Creating an optimized production build ...
> [PWA] Compile server
> [PWA] Compile server
> [PWA] Compile client (static)
> [PWA] Auto register service worker with: C:\Users\OMEN\projects\revlo-vr\node_modules\next-pwa\register.js
> [PWA] Service worker: C:\Users\OMEN\projects\revlo-vr\public\sw.js
> [PWA]   url: /sw.js
> [PWA]   scope: /
node.exe : Failed to compile.
At line:1 char:1
+ & "C:\Program Files\nodejs/node.exe" "C:\Program Files\nodejs/node_mo ...
+ ~~~~~~~~~~~~~~~~~~~~~~~~~~~~~~~~~~~~~~~~~~~~~~~~~~~~~~~~~~~~~~~~~~~~~
    + CategoryInfo          : NotSpecified: (Failed to compile.:String) [], RemoteException
    + FullyQualifiedErrorId : NativeCommandError
 

./app/projects/employees/add/page.tsx
Module not found: Can't resolve '../../../lib/utils'

https://nextjs.org/docs/messages/module-not-found

./app/api/projects/[id]/labor/route.ts
Module not found: Can't resolve '@/app/api/employees/auth'

https://nextjs.org/docs/messages/module-not-found

./app/api/projects/employees/[id]/route.ts
Module not found: Can't resolve '@/app/api/employees/auth'

https://nextjs.org/docs/messages/module-not-found

./app/api/reports/scheduled/route.ts
Module not found: Can't resolve '@/app/api/accounting/reports/auth'

https://nextjs.org/docs/messages/module-not-found


> Build failed because of webpack errors
