
> revlo-app@0.1.0 build
> next build

  Γû▓ Next.js 14.2.5
  - Environments: .env

   Creating an optimized production build ...
> [PWA] Compile server
> [PWA] Compile server
> [PWA] Compile client (static)
> [PWA] Auto register service worker with: C:\Users\OMEN\projects\revlo-vr\node_modules\next-pwa\register.js
> [PWA] Service worker: C:\Users\OMEN\projects\revlo-vr\public\sw.js
> [PWA]   url: /sw.js
> [PWA]   scope: /
node.exe : Failed to compile.
At line:1 char:1
+ & "C:\Program Files\nodejs/node.exe" "C:\Program Files\nodejs/node_mo ...
+ ~~~~~~~~~~~~~~~~~~~~~~~~~~~~~~~~~~~~~~~~~~~~~~~~~~~~~~~~~~~~~~~~~~~~~
    + CategoryInfo          : NotSpecified: (Failed to compile.:String) [], RemoteException
    + FullyQualifiedErrorId : NativeCommandError
 

./app/projects/accounting/reports/payment-schedule/page.tsx
Module not found: Can't resolve '../../../../components/layouts/Layout'

https://nextjs.org/docs/messages/module-not-found

./app/projects/accounting/reports/payment-schedule/page.tsx
Module not found: Can't resolve '../../../../components/common/Toast'

https://nextjs.org/docs/messages/module-not-found

./app/projects/accounting/transactions/add/[id]/page.tsx
Module not found: Can't resolve '../../../../../components/layouts/Layout'

https://nextjs.org/docs/messages/module-not-found

./app/projects/accounting/transactions/add/[id]/page.tsx
Module not found: Can't resolve '../../../../../components/common/Toast'

https://nextjs.org/docs/messages/module-not-found

./app/projects/accounting/transactions/page.tsx
Module not found: Can't resolve '../../../components/layouts/Layout'

https://nextjs.org/docs/messages/module-not-found


> Build failed because of webpack errors
