--- DASHBOARD INCOME BREAKDOWN ---
1. Project Advances (Table Sum): 13,195,649
2. Manual Generic Income (No Project): 311,000
3. Manual Project Income (Potential Duplicates!): 90,000
4. Debt Repayments (No Project): 240,383
5. Project Debt Repayments (Customer Payments): 428,000

TOTAL CALCULATED VIRTUAL INCOME: 14,265,032

--- POTENTIAL DUPLICATES FOUND IN PROJECT RECORDS ---
[
  {
    id: '959de5f7-7f6c-4f1b-83dc-33df9c9969b4',
    projectId: 'b531edb0-87ad-4054-952a-b2914cfbc8ee',
    projectName: 'Saylada Yucub',
    desc: 'lacag qabasho saylada yucub',
    amount: 60000,
    type: 'INCOME (Manual)'
  },
  {
    id: '782bb502-fa34-4162-b878-7e5c0b4ceb9e',
    projectId: '35a1ea4e-3e67-40b4-9edc-7411482ba453',
    projectName: 'Ahmed abdule ganjel',
    desc: 'day kasoo xarootay',
    amount: 30000,
    type: 'INCOME (Manual)'
  }
]
