[
  {
    "id": "1c440c5c-dc5c-4ea0-8bec-785037fc982a",
    "description": "",
    "amount": "-29000",
    "type": "DEBT_REPAID",
    "transactionDate": "2026-02-07T00:00:00.000Z",
    "note": "xafiiska cusub",
    "createdAt": "2026-02-13T14:48:05.513Z",
    "updatedAt": "2026-02-21T21:56:24.578Z",
    "accountId": "3c156507-ea0a-4974-8a54-92f1e9dd519a",
    "fromAccountId": null,
    "toAccountId": null,
    "projectId": null,
    "expenseId": "45a630e5-23ea-4a12-86e3-0735c68c9cee",
    "customerId": null,
    "vendorId": "7a106acd-7659-4d8f-8289-3f3e683e89a0",
    "userId": "14a1010e-6621-4163-bfb7-095755e5150e",
    "employeeId": null,
    "category": null,
    "companyId": "081fb675-b41e-4cea-92f7-50a5eb3e6f1e",
    "fiscalYearId": null,
    "shareholderId": null,
    "fixedAssetId": null,
    "vendor": {
      "id": "7a106acd-7659-4d8f-8289-3f3e683e89a0",
      "name": "Barako compeny",
      "type": "Material",
      "phone": null,
      "email": null,
      "address": null,
      "productsServices": null,
      "notes": null,
      "createdAt": "2026-02-10T13:41:12.255Z",
      "updatedAt": "2026-02-10T13:41:12.255Z",
      "companyId": "081fb675-b41e-4cea-92f7-50a5eb3e6f1e",
      "contactPerson": null,
      "phoneNumber": null,
      "userId": "14a1010e-6621-4163-bfb7-095755e5150e"
    },
    "customer": null,
    "employee": null
  },
  {
    "id": "5fb06c16-8889-4597-a785-18af679868bb",
    "description": "Material expense - 2025-10-26",
    "amount": "-29000",
    "type": "EXPENSE",
    "transactionDate": "2025-07-07T00:00:00.000Z",
    "note": null,
    "createdAt": "2025-10-26T14:55:14.759Z",
    "updatedAt": "2026-02-21T21:56:51.114Z",
    "accountId": "c8306c05-5279-4b05-b5fc-dda41c793a77",
    "fromAccountId": null,
    "toAccountId": null,
    "projectId": "6f7572b6-1c9d-4d14-aa34-e4891406d073",
    "expenseId": "4b30465e-76af-4315-8614-6abfd8f867fe",
    "customerId": null,
    "vendorId": null,
    "userId": "14a1010e-6621-4163-bfb7-095755e5150e",
    "employeeId": null,
    "category": null,
    "companyId": "081fb675-b41e-4cea-92f7-50a5eb3e6f1e",
    "fiscalYearId": null,
    "shareholderId": null,
    "fixedAssetId": null,
    "vendor": null,
    "customer": null,
    "employee": null
  }
]